[INFO]-[2025/01/20 13:27:48] #################### Start Cloning Job ####################
[info]-[2025/01/20 13:27:48] System Info
[INFO_SUB]-[2025/01/20 13:27:48] - WP Staging Version: 3.10.0
[INFO_SUB]-[2025/01/20 13:27:48] - PHP Version: 8.2.25
[INFO_SUB]-[2025/01/20 13:27:48] - Server: Apache
[INFO_SUB]-[2025/01/20 13:27:48] - MySQL: 10.6.19
[INFO_SUB]-[2025/01/20 13:27:48] - WP Version: 6.7.1
[INFO_SUB]-[2025/01/20 13:27:48] - Host: General
[INFO_SUB]-[2025/01/20 13:27:48] - PHP Memory Limit: 536870912
[INFO_SUB]-[2025/01/20 13:27:48] - WP Memory Limit: 41943040
[INFO_SUB]-[2025/01/20 13:27:48] - PHP Max Execution Time: 60
[info]-[2025/01/20 13:27:48] Activated Plugins
[INFO_SUB]-[2025/01/20 13:27:48] - WP STAGING WordPress Backup Plugin - Backup Duplicator &amp; Migration : 3.10.0
[info]-[2025/01/20 13:27:48] Inactive Plugins
[INFO_SUB]-[2025/01/20 13:27:48] - Akismet Anti-spam: Spam Protection : 5.3.5
[INFO_SUB]-[2025/01/20 13:27:48] - Checkout Plugins - Stripe for WooCommerce : 1.10.1
[INFO_SUB]-[2025/01/20 13:27:48] - Dokan : 3.14.3
[INFO_SUB]-[2025/01/20 13:27:48] - Elementor : 3.25.11
[INFO_SUB]-[2025/01/20 13:27:48] - Image Optimizer - Compress, Resize and Optimize Images : 1.6.1
[INFO_SUB]-[2025/01/20 13:27:48] - Starter Templates : 4.4.10
[INFO_SUB]-[2025/01/20 13:27:48] - Variation Swatches for WooCommerce : 1.0.12
[INFO_SUB]-[2025/01/20 13:27:48] - WooCommerce : 9.5.2
[INFO_SUB]-[2025/01/20 13:27:48] - WooCommerce Cart Abandonment Recovery : 1.3.1
[INFO_SUB]-[2025/01/20 13:27:48] - WPForms Lite : 1.9.2.3
[info]-[2025/01/20 13:27:48] Activated Theme
[INFO_SUB]-[2025/01/20 13:27:48] - Astra : 4.8.7
[info]-[2025/01/20 13:27:48] Inactive Themes
[INFO_SUB]-[2025/01/20 13:27:48] - Twenty Twenty-Five : 1.0
[INFO_SUB]-[2025/01/20 13:27:48] - Twenty Twenty-Four : 1.2
[INFO_SUB]-[2025/01/20 13:27:48] - Twenty Twenty-Three : 1.5
[INFO_SUB]-[2025/01/20 13:27:48] - Twenty Twenty-Two : 1.8
[INFO]-[2025/01/20 13:27:48] Cloning Settings
[INFO_SUB]-[2025/01/20 13:27:48] Selected Tables : 66
[INFO_SUB]-[2025/01/20 13:27:48] - wpwb_actionscheduler_actions, wpwb_actionscheduler_claims
[INFO_SUB]-[2025/01/20 13:27:48] - wpwb_actionscheduler_groups, wpwb_actionscheduler_logs
[INFO_SUB]-[2025/01/20 13:27:48] - wpwb_cartflows_ca_cart_abandonment, wpwb_cartflows_ca_email_history
[INFO_SUB]-[2025/01/20 13:27:48] - wpwb_cartflows_ca_email_templates, wpwb_cartflows_ca_email_templates_meta
[INFO_SUB]-[2025/01/20 13:27:48] - wpwb_commentmeta, wpwb_comments
[INFO_SUB]-[2025/01/20 13:27:48] - wpwb_dokan_announcement, wpwb_dokan_order_stats
[INFO_SUB]-[2025/01/20 13:27:48] - wpwb_dokan_orders, wpwb_dokan_refund
[INFO_SUB]-[2025/01/20 13:27:48] - wpwb_dokan_reverse_withdrawal, wpwb_dokan_vendor_balance
[INFO_SUB]-[2025/01/20 13:27:48] - wpwb_dokan_withdraw, wpwb_e_events
[INFO_SUB]-[2025/01/20 13:27:48] - wpwb_links, wpwb_options
[INFO_SUB]-[2025/01/20 13:27:48] - wpwb_postmeta, wpwb_posts
[INFO_SUB]-[2025/01/20 13:27:48] - wpwb_term_relationships, wpwb_term_taxonomy
[INFO_SUB]-[2025/01/20 13:27:48] - wpwb_termmeta, wpwb_terms
[INFO_SUB]-[2025/01/20 13:27:48] - wpwb_usermeta, wpwb_users
[INFO_SUB]-[2025/01/20 13:27:48] - wpwb_wc_admin_note_actions, wpwb_wc_admin_notes
[INFO_SUB]-[2025/01/20 13:27:48] - wpwb_wc_category_lookup, wpwb_wc_customer_lookup
[INFO_SUB]-[2025/01/20 13:27:48] - wpwb_wc_download_log, wpwb_wc_order_addresses
[INFO_SUB]-[2025/01/20 13:27:48] - wpwb_wc_order_coupon_lookup, wpwb_wc_order_operational_data
[INFO_SUB]-[2025/01/20 13:27:48] - wpwb_wc_order_product_lookup, wpwb_wc_order_stats
[INFO_SUB]-[2025/01/20 13:27:48] - wpwb_wc_order_tax_lookup, wpwb_wc_orders
[INFO_SUB]-[2025/01/20 13:27:48] - wpwb_wc_orders_meta, wpwb_wc_product_attributes_lookup
[INFO_SUB]-[2025/01/20 13:27:48] - wpwb_wc_product_download_directories, wpwb_wc_product_meta_lookup
[INFO_SUB]-[2025/01/20 13:27:48] - wpwb_wc_rate_limits, wpwb_wc_reserved_stock
[INFO_SUB]-[2025/01/20 13:27:48] - wpwb_wc_tax_rate_classes, wpwb_wc_webhooks
[INFO_SUB]-[2025/01/20 13:27:48] - wpwb_woocommerce_api_keys, wpwb_woocommerce_attribute_taxonomies
[INFO_SUB]-[2025/01/20 13:27:48] - wpwb_woocommerce_downloadable_product_permissions, wpwb_woocommerce_log
[INFO_SUB]-[2025/01/20 13:27:48] - wpwb_woocommerce_order_itemmeta, wpwb_woocommerce_order_items
[INFO_SUB]-[2025/01/20 13:27:48] - wpwb_woocommerce_payment_tokenmeta, wpwb_woocommerce_payment_tokens
[INFO_SUB]-[2025/01/20 13:27:48] - wpwb_woocommerce_sessions, wpwb_woocommerce_shipping_zone_locations
[INFO_SUB]-[2025/01/20 13:27:48] - wpwb_woocommerce_shipping_zone_methods, wpwb_woocommerce_shipping_zones
[INFO_SUB]-[2025/01/20 13:27:48] - wpwb_woocommerce_tax_rate_locations, wpwb_woocommerce_tax_rates
[INFO_SUB]-[2025/01/20 13:27:48] - wpwb_wpforms_logs, wpwb_wpforms_payment_meta
[INFO_SUB]-[2025/01/20 13:27:48] - wpwb_wpforms_payments, wpwb_wpforms_tasks_meta
[INFO]-[2025/01/20 13:27:48] Excluded Directories
[INFO_SUB]-[2025/01/20 13:27:48] - wpstg_c_cache
[INFO_SUB]-[2025/01/20 13:27:48] - wpstg_c_wp-staging
[INFO_SUB]-[2025/01/20 13:27:48] - wpstg_c_wp-staging
[INFO]-[2025/01/20 13:27:48] Advanced Settings
[INFO_SUB]-[2025/01/20 13:27:48] - New Admin Account : False
[INFO_SUB]-[2025/01/20 13:27:48] - Email : Not Set
[INFO_SUB]-[2025/01/20 13:27:48] - Password : Not Set
[INFO_SUB]-[2025/01/20 13:27:48] - Database Server : localhost
[INFO_SUB]-[2025/01/20 13:27:48] - Database User : Not Set
[INFO_SUB]-[2025/01/20 13:27:48] - Database Password : Not Set
[INFO_SUB]-[2025/01/20 13:27:48] - Database : Not Set
[INFO_SUB]-[2025/01/20 13:27:48] - Database Prefix: Not Set
[INFO_SUB]-[2025/01/20 13:27:48] - Database SSL: False
[INFO_SUB]-[2025/01/20 13:27:48] - Clone Directory : /home/vol15_1/infinityfree.com/if0_37875418/htdocs/reliant/
[INFO_SUB]-[2025/01/20 13:27:48] - Clone Host : Not Set
[INFO_SUB]-[2025/01/20 13:27:48] - Symlink Uploads Folder : False
[INFO_SUB]-[2025/01/20 13:27:48] - Disable WP_CRON : False
[INFO_SUB]-[2025/01/20 13:27:48] - Allow Emails Sending : True
[INFO]-[2025/01/20 13:27:48] Global Settings
[INFO_SUB]-[2025/01/20 13:27:48] - DB Query Limit : 10000
[INFO_SUB]-[2025/01/20 13:27:48] - DB Search &amp; Replace Limit : 20000
[INFO_SUB]-[2025/01/20 13:27:48] - File Copy Limit : 50
[INFO_SUB]-[2025/01/20 13:27:48] - Maximum File Size : 8
[INFO_SUB]-[2025/01/20 13:27:48] - File Copy Batch Size : 2
[INFO_SUB]-[2025/01/20 13:27:48] - Optimizer Active : True
[INFO]-[2025/01/20 13:27:48] DB Copy: Creating table wpstg0_actionscheduler_actions
[INFO]-[2025/01/20 13:27:48] DB Copy: Table wpwb_actionscheduler_actions contains 80 rows 
[INFO]-[2025/01/20 13:27:48] DB Copy: Copy data from wpwb_actionscheduler_actions to wpstg0_actionscheduler_actions - 0 to 10000 records
[INFO]-[2025/01/20 13:27:49] DB Copy: Creating table wpstg0_actionscheduler_claims
[INFO]-[2025/01/20 13:27:49] DB Copy: Table wpwb_actionscheduler_claims contains 0 rows 
[INFO]-[2025/01/20 13:27:50] DB Copy: Creating table wpstg0_actionscheduler_groups
[INFO]-[2025/01/20 13:27:50] DB Copy: Table wpwb_actionscheduler_groups contains 8 rows 
[INFO]-[2025/01/20 13:27:50] DB Copy: Copy data from wpwb_actionscheduler_groups to wpstg0_actionscheduler_groups - 0 to 10000 records
[INFO]-[2025/01/20 13:27:51] DB Copy: Creating table wpstg0_actionscheduler_logs
[INFO]-[2025/01/20 13:27:51] DB Copy: Table wpwb_actionscheduler_logs contains 84 rows 
[INFO]-[2025/01/20 13:27:51] DB Copy: Copy data from wpwb_actionscheduler_logs to wpstg0_actionscheduler_logs - 0 to 10000 records
[INFO]-[2025/01/20 13:27:52] DB Copy: Creating table wpstg0_cartflows_ca_cart_abandonment
[INFO]-[2025/01/20 13:27:52] DB Copy: Table wpwb_cartflows_ca_cart_abandonment contains 3 rows 
[INFO]-[2025/01/20 13:27:52] DB Copy: Copy data from wpwb_cartflows_ca_cart_abandonment to wpstg0_cartflows_ca_cart_abandonment - 0 to 10000 records
[INFO]-[2025/01/20 13:27:52] DB Copy: Creating table wpstg0_cartflows_ca_email_history
[INFO]-[2025/01/20 13:27:52] DB Copy: Table wpwb_cartflows_ca_email_history contains 0 rows 
[INFO]-[2025/01/20 13:27:53] DB Copy: Creating table wpstg0_cartflows_ca_email_templates
[INFO]-[2025/01/20 13:27:53] DB Copy: Table wpwb_cartflows_ca_email_templates contains 3 rows 
[INFO]-[2025/01/20 13:27:53] DB Copy: Copy data from wpwb_cartflows_ca_email_templates to wpstg0_cartflows_ca_email_templates - 0 to 10000 records
[INFO]-[2025/01/20 13:27:54] DB Copy: Creating table wpstg0_cartflows_ca_email_templates_meta
[INFO]-[2025/01/20 13:27:54] DB Copy: Table wpwb_cartflows_ca_email_templates_meta contains 18 rows 
[INFO]-[2025/01/20 13:27:54] DB Copy: Copy data from wpwb_cartflows_ca_email_templates_meta to wpstg0_cartflows_ca_email_templates_meta - 0 to 10000 records
[INFO]-[2025/01/20 13:27:54] DB Copy: Creating table wpstg0_commentmeta
[INFO]-[2025/01/20 13:27:54] DB Copy: Table wpwb_commentmeta contains 2 rows 
[INFO]-[2025/01/20 13:27:54] DB Copy: Copy data from wpwb_commentmeta to wpstg0_commentmeta - 0 to 10000 records
[INFO]-[2025/01/20 13:27:55] DB Copy: Creating table wpstg0_comments
[INFO]-[2025/01/20 13:27:55] DB Copy: Table wpwb_comments contains 2 rows 
[INFO]-[2025/01/20 13:27:55] DB Copy: Copy data from wpwb_comments to wpstg0_comments - 0 to 10000 records
[INFO]-[2025/01/20 13:27:56] DB Copy: Creating table wpstg0_dokan_announcement
[INFO]-[2025/01/20 13:27:56] DB Copy: Table wpwb_dokan_announcement contains 0 rows 
[INFO]-[2025/01/20 13:27:57] DB Copy: Creating table wpstg0_dokan_order_stats
[INFO]-[2025/01/20 13:27:57] DB Copy: Table wpwb_dokan_order_stats contains 0 rows 
[INFO]-[2025/01/20 13:27:57] DB Copy: Creating table wpstg0_dokan_orders
[INFO]-[2025/01/20 13:27:57] DB Copy: Table wpwb_dokan_orders contains 0 rows 
[INFO]-[2025/01/20 13:27:58] DB Copy: Creating table wpstg0_dokan_refund
[INFO]-[2025/01/20 13:27:58] DB Copy: Table wpwb_dokan_refund contains 0 rows 
[INFO]-[2025/01/20 13:27:59] DB Copy: Creating table wpstg0_dokan_reverse_withdrawal
[INFO]-[2025/01/20 13:27:59] DB Copy: Table wpwb_dokan_reverse_withdrawal contains 0 rows 
[INFO]-[2025/01/20 13:28:00] DB Copy: Creating table wpstg0_dokan_vendor_balance
[INFO]-[2025/01/20 13:28:00] DB Copy: Table wpwb_dokan_vendor_balance contains 0 rows 
[INFO]-[2025/01/20 13:28:01] DB Copy: Creating table wpstg0_dokan_withdraw
[INFO]-[2025/01/20 13:28:01] DB Copy: Table wpwb_dokan_withdraw contains 0 rows 
[INFO]-[2025/01/20 13:28:01] DB Copy: Creating table wpstg0_e_events
[INFO]-[2025/01/20 13:28:01] DB Copy: Table wpwb_e_events contains 0 rows 
[INFO]-[2025/01/20 13:28:02] DB Copy: Creating table wpstg0_links
[INFO]-[2025/01/20 13:28:02] DB Copy: Table wpwb_links contains 0 rows 
[INFO]-[2025/01/20 13:28:03] DB Copy: Creating table wpstg0_options
[INFO]-[2025/01/20 13:28:03] DB Copy: Table wpwb_options contains 689 rows 
[INFO]-[2025/01/20 13:28:03] DB Copy: Copy data from wpwb_options to wpstg0_options - 0 to 10000 records
[INFO]-[2025/01/20 13:28:04] DB Copy: Creating table wpstg0_postmeta
[INFO]-[2025/01/20 13:28:04] DB Copy: Table wpwb_postmeta contains 1814 rows 
[INFO]-[2025/01/20 13:28:04] DB Copy: Copy data from wpwb_postmeta to wpstg0_postmeta - 0 to 10000 records
[INFO]-[2025/01/20 13:28:04] DB Copy: Creating table wpstg0_posts
[INFO]-[2025/01/20 13:28:04] DB Copy: Table wpwb_posts contains 266 rows 
[INFO]-[2025/01/20 13:28:04] DB Copy: Copy data from wpwb_posts to wpstg0_posts - 0 to 10000 records
[INFO]-[2025/01/20 13:28:05] DB Copy: Creating table wpstg0_term_relationships
[INFO]-[2025/01/20 13:28:05] DB Copy: Table wpwb_term_relationships contains 85 rows 
[INFO]-[2025/01/20 13:28:05] DB Copy: Copy data from wpwb_term_relationships to wpstg0_term_relationships - 0 to 10000 records
[INFO]-[2025/01/20 13:28:06] DB Copy: Creating table wpstg0_term_taxonomy
[INFO]-[2025/01/20 13:28:06] DB Copy: Table wpwb_term_taxonomy contains 54 rows 
[INFO]-[2025/01/20 13:28:06] DB Copy: Copy data from wpwb_term_taxonomy to wpstg0_term_taxonomy - 0 to 10000 records
[INFO]-[2025/01/20 13:28:07] DB Copy: Creating table wpstg0_termmeta
[INFO]-[2025/01/20 13:28:07] DB Copy: Table wpwb_termmeta contains 54 rows 
[INFO]-[2025/01/20 13:28:07] DB Copy: Copy data from wpwb_termmeta to wpstg0_termmeta - 0 to 10000 records
[INFO]-[2025/01/20 13:28:08] DB Copy: Creating table wpstg0_terms
[INFO]-[2025/01/20 13:28:08] DB Copy: Table wpwb_terms contains 54 rows 
[INFO]-[2025/01/20 13:28:08] DB Copy: Copy data from wpwb_terms to wpstg0_terms - 0 to 10000 records
[INFO]-[2025/01/20 13:28:08] DB Copy: Creating table wpstg0_usermeta
[INFO]-[2025/01/20 13:28:08] DB Copy: Table wpwb_usermeta contains 373 rows 
[INFO]-[2025/01/20 13:28:08] DB Copy: Copy data from wpwb_usermeta to wpstg0_usermeta - 0 to 10000 records
[INFO]-[2025/01/20 13:28:09] DB Copy: Creating table wpstg0_users
[INFO]-[2025/01/20 13:28:09] DB Copy: Table wpwb_users contains 14 rows 
[INFO]-[2025/01/20 13:28:09] DB Copy: Copy data from wpwb_users to wpstg0_users - 0 to 10000 records
[INFO]-[2025/01/20 13:28:10] DB Copy: Creating table wpstg0_wc_admin_note_actions
[INFO]-[2025/01/20 13:28:10] DB Copy: Table wpwb_wc_admin_note_actions contains 88 rows 
[INFO]-[2025/01/20 13:28:10] DB Copy: Copy data from wpwb_wc_admin_note_actions to wpstg0_wc_admin_note_actions - 0 to 10000 records
[INFO]-[2025/01/20 13:28:11] DB Copy: Creating table wpstg0_wc_admin_notes
[INFO]-[2025/01/20 13:28:11] DB Copy: Table wpwb_wc_admin_notes contains 58 rows 
[INFO]-[2025/01/20 13:28:11] DB Copy: Copy data from wpwb_wc_admin_notes to wpstg0_wc_admin_notes - 0 to 10000 records
[INFO]-[2025/01/20 13:28:11] DB Copy: Creating table wpstg0_wc_category_lookup
[INFO]-[2025/01/20 13:28:11] DB Copy: Table wpwb_wc_category_lookup contains 11 rows 
[INFO]-[2025/01/20 13:28:11] DB Copy: Copy data from wpwb_wc_category_lookup to wpstg0_wc_category_lookup - 0 to 10000 records
[INFO]-[2025/01/20 13:28:12] DB Copy: Creating table wpstg0_wc_customer_lookup
[INFO]-[2025/01/20 13:28:12] DB Copy: Table wpwb_wc_customer_lookup contains 1 rows 
[INFO]-[2025/01/20 13:28:12] DB Copy: Copy data from wpwb_wc_customer_lookup to wpstg0_wc_customer_lookup - 0 to 10000 records
[INFO]-[2025/01/20 13:28:13] DB Copy: Creating table wpstg0_wc_download_log
[INFO]-[2025/01/20 13:28:13] DB Copy: Table wpwb_wc_download_log contains 0 rows 
[INFO]-[2025/01/20 13:28:14] DB Copy: Creating table wpstg0_wc_order_addresses
[INFO]-[2025/01/20 13:28:14] DB Copy: Table wpwb_wc_order_addresses contains 0 rows 
[INFO]-[2025/01/20 13:28:14] DB Copy: Creating table wpstg0_wc_order_coupon_lookup
[INFO]-[2025/01/20 13:28:15] DB Copy: Table wpwb_wc_order_coupon_lookup contains 0 rows 
[INFO]-[2025/01/20 13:28:15] DB Copy: Creating table wpstg0_wc_order_operational_data
[INFO]-[2025/01/20 13:28:15] DB Copy: Table wpwb_wc_order_operational_data contains 0 rows 
[INFO]-[2025/01/20 13:28:16] DB Copy: Creating table wpstg0_wc_order_product_lookup
[INFO]-[2025/01/20 13:28:16] DB Copy: Table wpwb_wc_order_product_lookup contains 0 rows 
[INFO]-[2025/01/20 13:28:17] DB Copy: Creating table wpstg0_wc_order_stats
[INFO]-[2025/01/20 13:28:17] DB Copy: Table wpwb_wc_order_stats contains 0 rows 
[INFO]-[2025/01/20 13:28:17] DB Copy: Creating table wpstg0_wc_order_tax_lookup
[INFO]-[2025/01/20 13:28:17] DB Copy: Table wpwb_wc_order_tax_lookup contains 0 rows 
[INFO]-[2025/01/20 13:28:18] DB Copy: Creating table wpstg0_wc_orders
[INFO]-[2025/01/20 13:28:18] DB Copy: Table wpwb_wc_orders contains 0 rows 
[INFO]-[2025/01/20 13:28:19] DB Copy: Creating table wpstg0_wc_orders_meta
[INFO]-[2025/01/20 13:28:19] DB Copy: Table wpwb_wc_orders_meta contains 0 rows 
[INFO]-[2025/01/20 13:28:20] DB Copy: Creating table wpstg0_wc_product_attributes_lookup
[INFO]-[2025/01/20 13:28:20] DB Copy: Table wpwb_wc_product_attributes_lookup contains 0 rows 
[INFO]-[2025/01/20 13:28:21] DB Copy: Creating table wpstg0_wc_product_download_directories
[INFO]-[2025/01/20 13:28:21] DB Copy: Table wpwb_wc_product_download_directories contains 2 rows 
[INFO]-[2025/01/20 13:28:21] DB Copy: Copy data from wpwb_wc_product_download_directories to wpstg0_wc_product_download_directories - 0 to 10000 records
[INFO]-[2025/01/20 13:28:21] DB Copy: Creating table wpstg0_wc_product_meta_lookup
[INFO]-[2025/01/20 13:28:21] DB Copy: Table wpwb_wc_product_meta_lookup contains 19 rows 
[INFO]-[2025/01/20 13:28:21] DB Copy: Copy data from wpwb_wc_product_meta_lookup to wpstg0_wc_product_meta_lookup - 0 to 10000 records
[INFO]-[2025/01/20 13:28:22] DB Copy: Creating table wpstg0_wc_rate_limits
[INFO]-[2025/01/20 13:28:22] DB Copy: Table wpwb_wc_rate_limits contains 0 rows 
[INFO]-[2025/01/20 13:28:23] DB Copy: Creating table wpstg0_wc_reserved_stock
[INFO]-[2025/01/20 13:28:23] DB Copy: Table wpwb_wc_reserved_stock contains 0 rows 
[INFO]-[2025/01/20 13:28:24] DB Copy: Creating table wpstg0_wc_tax_rate_classes
[INFO]-[2025/01/20 13:28:24] DB Copy: Table wpwb_wc_tax_rate_classes contains 2 rows 
[INFO]-[2025/01/20 13:28:24] DB Copy: Copy data from wpwb_wc_tax_rate_classes to wpstg0_wc_tax_rate_classes - 0 to 10000 records
[INFO]-[2025/01/20 13:28:24] DB Copy: Creating table wpstg0_wc_webhooks
[INFO]-[2025/01/20 13:28:24] DB Copy: Table wpwb_wc_webhooks contains 0 rows 
[INFO]-[2025/01/20 13:28:25] DB Copy: Creating table wpstg0_woocommerce_api_keys
[INFO]-[2025/01/20 13:28:25] DB Copy: Table wpwb_woocommerce_api_keys contains 0 rows 
[INFO]-[2025/01/20 13:28:26] DB Copy: Creating table wpstg0_woocommerce_attribute_taxonomies
[INFO]-[2025/01/20 13:28:26] DB Copy: Table wpwb_woocommerce_attribute_taxonomies contains 0 rows 
[INFO]-[2025/01/20 13:28:27] DB Copy: Creating table wpstg0_woocommerce_downloadable_product_permissions
[INFO]-[2025/01/20 13:28:27] DB Copy: Table wpwb_woocommerce_downloadable_product_permissions contains 0 rows 
[INFO]-[2025/01/20 13:28:28] DB Copy: Creating table wpstg0_woocommerce_log
[INFO]-[2025/01/20 13:28:28] DB Copy: Table wpwb_woocommerce_log contains 0 rows 
[INFO]-[2025/01/20 13:28:28] DB Copy: Creating table wpstg0_woocommerce_order_itemmeta
[INFO]-[2025/01/20 13:28:28] DB Copy: Table wpwb_woocommerce_order_itemmeta contains 0 rows 
[INFO]-[2025/01/20 13:28:29] DB Copy: Creating table wpstg0_woocommerce_order_items
[INFO]-[2025/01/20 13:28:29] DB Copy: Table wpwb_woocommerce_order_items contains 0 rows 
[INFO]-[2025/01/20 13:28:30] DB Copy: Creating table wpstg0_woocommerce_payment_tokenmeta
[INFO]-[2025/01/20 13:28:30] DB Copy: Table wpwb_woocommerce_payment_tokenmeta contains 0 rows 
[INFO]-[2025/01/20 13:28:31] DB Copy: Creating table wpstg0_woocommerce_payment_tokens
[INFO]-[2025/01/20 13:28:31] DB Copy: Table wpwb_woocommerce_payment_tokens contains 0 rows 
[INFO]-[2025/01/20 13:28:31] DB Copy: Creating table wpstg0_woocommerce_sessions
[INFO]-[2025/01/20 13:28:31] DB Copy: Table wpwb_woocommerce_sessions contains 14 rows 
[INFO]-[2025/01/20 13:28:31] DB Copy: Copy data from wpwb_woocommerce_sessions to wpstg0_woocommerce_sessions - 0 to 10000 records
[INFO]-[2025/01/20 13:28:32] DB Copy: Creating table wpstg0_woocommerce_shipping_zone_locations
[INFO]-[2025/01/20 13:28:32] DB Copy: Table wpwb_woocommerce_shipping_zone_locations contains 0 rows 
[INFO]-[2025/01/20 13:28:33] DB Copy: Creating table wpstg0_woocommerce_shipping_zone_methods
[INFO]-[2025/01/20 13:28:33] DB Copy: Table wpwb_woocommerce_shipping_zone_methods contains 0 rows 
[INFO]-[2025/01/20 13:28:34] DB Copy: Creating table wpstg0_woocommerce_shipping_zones
[INFO]-[2025/01/20 13:28:34] DB Copy: Table wpwb_woocommerce_shipping_zones contains 0 rows 
[INFO]-[2025/01/20 13:28:35] DB Copy: Creating table wpstg0_woocommerce_tax_rate_locations
[INFO]-[2025/01/20 13:28:35] DB Copy: Table wpwb_woocommerce_tax_rate_locations contains 0 rows 
[INFO]-[2025/01/20 13:28:35] DB Copy: Creating table wpstg0_woocommerce_tax_rates
[INFO]-[2025/01/20 13:28:35] DB Copy: Table wpwb_woocommerce_tax_rates contains 0 rows 
[INFO]-[2025/01/20 13:28:36] DB Copy: Creating table wpstg0_wpforms_logs
[INFO]-[2025/01/20 13:28:36] DB Copy: Table wpwb_wpforms_logs contains 0 rows 
[INFO]-[2025/01/20 13:28:37] DB Copy: Creating table wpstg0_wpforms_payment_meta
[INFO]-[2025/01/20 13:28:37] DB Copy: Table wpwb_wpforms_payment_meta contains 0 rows 
[INFO]-[2025/01/20 13:28:37] DB Copy: Creating table wpstg0_wpforms_payments
[INFO]-[2025/01/20 13:28:37] DB Copy: Table wpwb_wpforms_payments contains 0 rows 
[INFO]-[2025/01/20 13:28:38] DB Copy: Creating table wpstg0_wpforms_tasks_meta
[INFO]-[2025/01/20 13:28:38] DB Copy: Table wpwb_wpforms_tasks_meta contains 0 rows 
[INFO]-[2025/01/20 13:28:41] DB Search &amp; Replace:  Table wpstg0_actionscheduler_actions 0 to 20000 records
[INFO]-[2025/01/20 13:28:42] DB Search &amp; Replace:  Table wpstg0_actionscheduler_groups 0 to 20000 records
[INFO]-[2025/01/20 13:28:43] DB Search &amp; Replace:  Table wpstg0_actionscheduler_logs 0 to 20000 records
[INFO]-[2025/01/20 13:28:43] DB Search &amp; Replace:  Table wpstg0_cartflows_ca_cart_abandonment 0 to 20000 records
[INFO]-[2025/01/20 13:28:45] DB Search &amp; Replace:  Table wpstg0_cartflows_ca_email_templates 0 to 20000 records
[INFO]-[2025/01/20 13:28:46] DB Search &amp; Replace:  Table wpstg0_cartflows_ca_email_templates_meta 0 to 20000 records
[INFO]-[2025/01/20 13:28:47] DB Search &amp; Replace:  Table wpstg0_commentmeta 0 to 20000 records
[INFO]-[2025/01/20 13:28:47] DB Search &amp; Replace:  Table wpstg0_comments 0 to 20000 records
[INFO]-[2025/01/20 13:28:55] DB Search &amp; Replace:  Table wpstg0_options 0 to 20000 records
[INFO]-[2025/01/20 13:28:55] DB Search &amp; Replace:  Table wpstg0_postmeta 0 to 20000 records
[INFO]-[2025/01/20 13:28:57] DB Search &amp; Replace:  Table wpstg0_posts 0 to 20000 records
[INFO]-[2025/01/20 13:29:00] Verifying existing clones...
[INFO]-[2025/01/20 13:29:00] Delete: Nothing to save.'
